  notes_2.cpp
E:\Progremir_2017-1018_C++\notes_2\notes_2\notes_2.cpp(117,7): error C2039: "vector": не является членом "std".
C:\Program Files (x86)\Microsoft Visual Studio\2019\Community\VC\Tools\MSVC\14.28.29910\include\fstream(26): message : см. объявление "std"
E:\Progremir_2017-1018_C++\notes_2\notes_2\notes_2.cpp(117,13): error C2065: vector: необъявленный идентификатор
E:\Progremir_2017-1018_C++\notes_2\notes_2\notes_2.cpp(117,19): error C2275: std::string: недопустимое использование этого типа в качестве выражения
E:\Progremir_2017-1018_C++\notes_2\notes_2\notes_2.cpp(117): message : см. объявление "std::string"
E:\Progremir_2017-1018_C++\notes_2\notes_2\notes_2.cpp(117,27): error C2065: vec: необъявленный идентификатор
E:\Progremir_2017-1018_C++\notes_2\notes_2\notes_2.cpp(127,6): error C2065: vec: необъявленный идентификатор
E:\Progremir_2017-1018_C++\notes_2\notes_2\notes_2.cpp(128,6): error C2065: vec: необъявленный идентификатор
E:\Progremir_2017-1018_C++\notes_2\notes_2\notes_2.cpp(129,6): error C2065: vec: необъявленный идентификатор
E:\Progremir_2017-1018_C++\notes_2\notes_2\notes_2.cpp(130,6): error C2065: vec: необъявленный идентификатор
E:\Progremir_2017-1018_C++\notes_2\notes_2\notes_2.cpp(131,6): error C2065: vec: необъявленный идентификатор
E:\Progremir_2017-1018_C++\notes_2\notes_2\notes_2.cpp(138,5): error C2065: vec: необъявленный идентификатор
E:\Progremir_2017-1018_C++\notes_2\notes_2\notes_2.cpp(141,14): error C2065: vec: необъявленный идентификатор
E:\Progremir_2017-1018_C++\notes_2\notes_2\notes_2.cpp(141,27): error C2065: vec: необъявленный идентификатор
E:\Progremir_2017-1018_C++\notes_2\notes_2\notes_2.cpp(141,9): error C2672: "std::copy": не найдена соответствующая перегруженная функция
E:\Progremir_2017-1018_C++\notes_2\notes_2\notes_2.cpp(142,53): error C2780: _OutIt std::copy(_InIt,_InIt,_OutIt): требует аргументов: 3, имеется: 2
C:\Program Files (x86)\Microsoft Visual Studio\2019\Community\VC\Tools\MSVC\14.28.29910\include\xutility(4452): message : см. объявление "std::copy"
E:\Progremir_2017-1018_C++\notes_2\notes_2\notes_2.cpp(155,7): error C2039: "vector": не является членом "std".
C:\Program Files (x86)\Microsoft Visual Studio\2019\Community\VC\Tools\MSVC\14.28.29910\include\fstream(26): message : см. объявление "std"
E:\Progremir_2017-1018_C++\notes_2\notes_2\notes_2.cpp(155,13): error C2065: vector: необъявленный идентификатор
E:\Progremir_2017-1018_C++\notes_2\notes_2\notes_2.cpp(155,19): error C2275: std::string: недопустимое использование этого типа в качестве выражения
E:\Progremir_2017-1018_C++\notes_2\notes_2\notes_2.cpp(155): message : см. объявление "std::string"
E:\Progremir_2017-1018_C++\notes_2\notes_2\notes_2.cpp(155,27): error C2065: vec: необъявленный идентификатор
E:\Progremir_2017-1018_C++\notes_2\notes_2\notes_2.cpp(169,10): error C2065: vec: необъявленный идентификатор
E:\Progremir_2017-1018_C++\notes_2\notes_2\notes_2.cpp(170,10): error C2065: vec: необъявленный идентификатор
E:\Progremir_2017-1018_C++\notes_2\notes_2\notes_2.cpp(171,10): error C2065: vec: необъявленный идентификатор
E:\Progremir_2017-1018_C++\notes_2\notes_2\notes_2.cpp(172,10): error C2065: vec: необъявленный идентификатор
E:\Progremir_2017-1018_C++\notes_2\notes_2\notes_2.cpp(173,10): error C2065: vec: необъявленный идентификатор
E:\Progremir_2017-1018_C++\notes_2\notes_2\notes_2.cpp(193,7): error C2065: vec: необъявленный идентификатор
E:\Progremir_2017-1018_C++\notes_2\notes_2\notes_2.cpp(194,10): error C2065: vec: необъявленный идентификатор
E:\Progremir_2017-1018_C++\notes_2\notes_2\notes_2.cpp(195,10): error C2065: vec: необъявленный идентификатор
E:\Progremir_2017-1018_C++\notes_2\notes_2\notes_2.cpp(196,10): error C2065: vec: необъявленный идентификатор
E:\Progremir_2017-1018_C++\notes_2\notes_2\notes_2.cpp(197,10): error C2065: vec: необъявленный идентификатор
E:\Progremir_2017-1018_C++\notes_2\notes_2\notes_2.cpp(202,5): error C2065: vec: необъявленный идентификатор
E:\Progremir_2017-1018_C++\notes_2\notes_2\notes_2.cpp(205,14): error C2065: vec: необъявленный идентификатор
E:\Progremir_2017-1018_C++\notes_2\notes_2\notes_2.cpp(205,27): error C2065: vec: необъявленный идентификатор
E:\Progremir_2017-1018_C++\notes_2\notes_2\notes_2.cpp(205,9): error C2672: "std::copy": не найдена соответствующая перегруженная функция
E:\Progremir_2017-1018_C++\notes_2\notes_2\notes_2.cpp(206,53): error C2780: _OutIt std::copy(_InIt,_InIt,_OutIt): требует аргументов: 3, имеется: 2
C:\Program Files (x86)\Microsoft Visual Studio\2019\Community\VC\Tools\MSVC\14.28.29910\include\xutility(4452): message : см. объявление "std::copy"
