c:\users\dima\documents\visual studio 2012\projects\notes_2\notes_2\debug\notes_2.pch
c:\users\dima\documents\visual studio 2012\projects\notes_2\notes_2\debug\stdafx.obj
c:\users\dima\documents\visual studio 2012\projects\notes_2\notes_2\debug\vc110.pdb
c:\users\dima\documents\visual studio 2012\projects\notes_2\notes_2\debug\notes_2.obj
d:\notes_2\notes_2\debug\notes_2.pch
d:\notes_2\notes_2\debug\stdafx.obj
d:\notes_2\notes_2\debug\vc110.pdb
d:\notes_2\notes_2\debug\notes_2.obj
i:\notes_2\notes_2\debug\notes_2.pch
i:\notes_2\notes_2\debug\stdafx.obj
i:\notes_2\notes_2\debug\vc110.pdb
i:\notes_2\notes_2\debug\notes_2.obj
c:\users\dima\documents\visual studio 2012\projects\notes_2\debug\notes_2.ilk
c:\users\dima\documents\visual studio 2012\projects\notes_2\debug\notes_2.exe
c:\users\dima\documents\visual studio 2012\projects\notes_2\debug\notes_2.pdb
d:\notes_2\debug\notes_2.ilk
d:\notes_2\debug\notes_2.exe
d:\notes_2\debug\notes_2.pdb
i:\notes_2\debug\notes_2.ilk
i:\notes_2\debug\notes_2.exe
i:\notes_2\debug\notes_2.pdb
e:\notes_2\notes_2\debug\notes_2.pch
e:\notes_2\notes_2\debug\vc120.pdb
e:\notes_2\notes_2\debug\vc120.idb
e:\notes_2\notes_2\debug\stdafx.obj
g:\notes_2\notes_2\debug\notes_2.pch
g:\notes_2\notes_2\debug\vc120.pdb
g:\notes_2\notes_2\debug\vc120.idb
g:\notes_2\notes_2\debug\stdafx.obj
g:\progremir_2017-1018_c++\notes_2\notes_2\debug\notes_2.pch
g:\progremir_2017-1018_c++\notes_2\notes_2\debug\vc120.pdb
g:\progremir_2017-1018_c++\notes_2\notes_2\debug\vc120.idb
g:\progremir_2017-1018_c++\notes_2\notes_2\debug\stdafx.obj
g:\progremir_2017-1018_c++\notes_2\notes_2\debug\cl.command.1.tlog
g:\progremir_2017-1018_c++\notes_2\notes_2\debug\cl.read.1.tlog
g:\progremir_2017-1018_c++\notes_2\notes_2\debug\cl.write.1.tlog
g:\progremir_2017-1018_c++\notes_2\notes_2\debug\link-cvtres.read.1.tlog
g:\progremir_2017-1018_c++\notes_2\notes_2\debug\link-cvtres.write.1.tlog
g:\progremir_2017-1018_c++\notes_2\notes_2\debug\link-rc.read.1.tlog
g:\progremir_2017-1018_c++\notes_2\notes_2\debug\link-rc.write.1.tlog
g:\progremir_2017-1018_c++\notes_2\notes_2\debug\link.10192-cvtres.read.1.tlog
g:\progremir_2017-1018_c++\notes_2\notes_2\debug\link.10192-cvtres.write.1.tlog
g:\progremir_2017-1018_c++\notes_2\notes_2\debug\link.10192-rc.read.1.tlog
g:\progremir_2017-1018_c++\notes_2\notes_2\debug\link.10192-rc.write.1.tlog
g:\progremir_2017-1018_c++\notes_2\notes_2\debug\link.10192.read.1.tlog
g:\progremir_2017-1018_c++\notes_2\notes_2\debug\link.10192.write.1.tlog
g:\progremir_2017-1018_c++\notes_2\notes_2\debug\link.10832-cvtres.read.1.tlog
g:\progremir_2017-1018_c++\notes_2\notes_2\debug\link.10832-cvtres.write.1.tlog
g:\progremir_2017-1018_c++\notes_2\notes_2\debug\link.10832-rc.read.1.tlog
g:\progremir_2017-1018_c++\notes_2\notes_2\debug\link.10832-rc.write.1.tlog
g:\progremir_2017-1018_c++\notes_2\notes_2\debug\link.10832.read.1.tlog
g:\progremir_2017-1018_c++\notes_2\notes_2\debug\link.10832.write.1.tlog
g:\progremir_2017-1018_c++\notes_2\notes_2\debug\link.11424-cvtres.read.1.tlog
g:\progremir_2017-1018_c++\notes_2\notes_2\debug\link.11424-cvtres.write.1.tlog
g:\progremir_2017-1018_c++\notes_2\notes_2\debug\link.11424-rc.read.1.tlog
g:\progremir_2017-1018_c++\notes_2\notes_2\debug\link.11424-rc.write.1.tlog
g:\progremir_2017-1018_c++\notes_2\notes_2\debug\link.11424.read.1.tlog
g:\progremir_2017-1018_c++\notes_2\notes_2\debug\link.11424.write.1.tlog
g:\progremir_2017-1018_c++\notes_2\notes_2\debug\link.11636-cvtres.read.1.tlog
g:\progremir_2017-1018_c++\notes_2\notes_2\debug\link.11636-cvtres.write.1.tlog
g:\progremir_2017-1018_c++\notes_2\notes_2\debug\link.11636-rc.read.1.tlog
g:\progremir_2017-1018_c++\notes_2\notes_2\debug\link.11636-rc.write.1.tlog
g:\progremir_2017-1018_c++\notes_2\notes_2\debug\link.11636.read.1.tlog
g:\progremir_2017-1018_c++\notes_2\notes_2\debug\link.11636.write.1.tlog
g:\progremir_2017-1018_c++\notes_2\notes_2\debug\link.11664-cvtres.read.1.tlog
g:\progremir_2017-1018_c++\notes_2\notes_2\debug\link.11664-cvtres.write.1.tlog
g:\progremir_2017-1018_c++\notes_2\notes_2\debug\link.11664-rc.read.1.tlog
g:\progremir_2017-1018_c++\notes_2\notes_2\debug\link.11664-rc.write.1.tlog
g:\progremir_2017-1018_c++\notes_2\notes_2\debug\link.11664.read.1.tlog
g:\progremir_2017-1018_c++\notes_2\notes_2\debug\link.11664.write.1.tlog
g:\progremir_2017-1018_c++\notes_2\notes_2\debug\link.11784-cvtres.read.1.tlog
g:\progremir_2017-1018_c++\notes_2\notes_2\debug\link.11784-cvtres.write.1.tlog
g:\progremir_2017-1018_c++\notes_2\notes_2\debug\link.11784-rc.read.1.tlog
g:\progremir_2017-1018_c++\notes_2\notes_2\debug\link.11784-rc.write.1.tlog
g:\progremir_2017-1018_c++\notes_2\notes_2\debug\link.11784.read.1.tlog
g:\progremir_2017-1018_c++\notes_2\notes_2\debug\link.11784.write.1.tlog
g:\progremir_2017-1018_c++\notes_2\notes_2\debug\link.12060-cvtres.read.1.tlog
g:\progremir_2017-1018_c++\notes_2\notes_2\debug\link.12060-cvtres.write.1.tlog
g:\progremir_2017-1018_c++\notes_2\notes_2\debug\link.12060-rc.read.1.tlog
g:\progremir_2017-1018_c++\notes_2\notes_2\debug\link.12060-rc.write.1.tlog
g:\progremir_2017-1018_c++\notes_2\notes_2\debug\link.12060.read.1.tlog
g:\progremir_2017-1018_c++\notes_2\notes_2\debug\link.12060.write.1.tlog
g:\progremir_2017-1018_c++\notes_2\notes_2\debug\link.12072-cvtres.read.1.tlog
g:\progremir_2017-1018_c++\notes_2\notes_2\debug\link.12072-cvtres.write.1.tlog
g:\progremir_2017-1018_c++\notes_2\notes_2\debug\link.12072-rc.read.1.tlog
g:\progremir_2017-1018_c++\notes_2\notes_2\debug\link.12072-rc.write.1.tlog
g:\progremir_2017-1018_c++\notes_2\notes_2\debug\link.12072.read.1.tlog
g:\progremir_2017-1018_c++\notes_2\notes_2\debug\link.12072.write.1.tlog
g:\progremir_2017-1018_c++\notes_2\notes_2\debug\link.14320-cvtres.read.1.tlog
g:\progremir_2017-1018_c++\notes_2\notes_2\debug\link.14320-cvtres.write.1.tlog
g:\progremir_2017-1018_c++\notes_2\notes_2\debug\link.14320-rc.read.1.tlog
g:\progremir_2017-1018_c++\notes_2\notes_2\debug\link.14320-rc.write.1.tlog
g:\progremir_2017-1018_c++\notes_2\notes_2\debug\link.14320.read.1.tlog
g:\progremir_2017-1018_c++\notes_2\notes_2\debug\link.14320.write.1.tlog
g:\progremir_2017-1018_c++\notes_2\notes_2\debug\link.2028-cvtres.read.1.tlog
g:\progremir_2017-1018_c++\notes_2\notes_2\debug\link.2028-cvtres.write.1.tlog
g:\progremir_2017-1018_c++\notes_2\notes_2\debug\link.2028-rc.read.1.tlog
g:\progremir_2017-1018_c++\notes_2\notes_2\debug\link.2028-rc.write.1.tlog
g:\progremir_2017-1018_c++\notes_2\notes_2\debug\link.2028.read.1.tlog
g:\progremir_2017-1018_c++\notes_2\notes_2\debug\link.2028.write.1.tlog
g:\progremir_2017-1018_c++\notes_2\notes_2\debug\link.3324-cvtres.read.1.tlog
g:\progremir_2017-1018_c++\notes_2\notes_2\debug\link.3324-cvtres.write.1.tlog
g:\progremir_2017-1018_c++\notes_2\notes_2\debug\link.3324-rc.read.1.tlog
g:\progremir_2017-1018_c++\notes_2\notes_2\debug\link.3324-rc.write.1.tlog
g:\progremir_2017-1018_c++\notes_2\notes_2\debug\link.3324.read.1.tlog
g:\progremir_2017-1018_c++\notes_2\notes_2\debug\link.3324.write.1.tlog
g:\progremir_2017-1018_c++\notes_2\notes_2\debug\link.4432-cvtres.read.1.tlog
g:\progremir_2017-1018_c++\notes_2\notes_2\debug\link.4432-cvtres.write.1.tlog
g:\progremir_2017-1018_c++\notes_2\notes_2\debug\link.4432-rc.read.1.tlog
g:\progremir_2017-1018_c++\notes_2\notes_2\debug\link.4432-rc.write.1.tlog
g:\progremir_2017-1018_c++\notes_2\notes_2\debug\link.4432.read.1.tlog
g:\progremir_2017-1018_c++\notes_2\notes_2\debug\link.4432.write.1.tlog
g:\progremir_2017-1018_c++\notes_2\notes_2\debug\link.7744-cvtres.read.1.tlog
g:\progremir_2017-1018_c++\notes_2\notes_2\debug\link.7744-cvtres.write.1.tlog
g:\progremir_2017-1018_c++\notes_2\notes_2\debug\link.7744-rc.read.1.tlog
g:\progremir_2017-1018_c++\notes_2\notes_2\debug\link.7744-rc.write.1.tlog
g:\progremir_2017-1018_c++\notes_2\notes_2\debug\link.7744.read.1.tlog
g:\progremir_2017-1018_c++\notes_2\notes_2\debug\link.7744.write.1.tlog
g:\progremir_2017-1018_c++\notes_2\notes_2\debug\link.820-cvtres.read.1.tlog
g:\progremir_2017-1018_c++\notes_2\notes_2\debug\link.820-cvtres.write.1.tlog
g:\progremir_2017-1018_c++\notes_2\notes_2\debug\link.820-rc.read.1.tlog
g:\progremir_2017-1018_c++\notes_2\notes_2\debug\link.820-rc.write.1.tlog
g:\progremir_2017-1018_c++\notes_2\notes_2\debug\link.820.read.1.tlog
g:\progremir_2017-1018_c++\notes_2\notes_2\debug\link.820.write.1.tlog
g:\progremir_2017-1018_c++\notes_2\notes_2\debug\link.8872-cvtres.read.1.tlog
g:\progremir_2017-1018_c++\notes_2\notes_2\debug\link.8872-cvtres.write.1.tlog
g:\progremir_2017-1018_c++\notes_2\notes_2\debug\link.8872-rc.read.1.tlog
g:\progremir_2017-1018_c++\notes_2\notes_2\debug\link.8872-rc.write.1.tlog
g:\progremir_2017-1018_c++\notes_2\notes_2\debug\link.8872.read.1.tlog
g:\progremir_2017-1018_c++\notes_2\notes_2\debug\link.8872.write.1.tlog
g:\progremir_2017-1018_c++\notes_2\notes_2\debug\link.command.1.tlog
g:\progremir_2017-1018_c++\notes_2\notes_2\debug\link.read.1.tlog
g:\progremir_2017-1018_c++\notes_2\notes_2\debug\link.write.1.tlog
g:\progremir_2017-1018_c++\notes_2\notes_2\debug\vc110.idb
g:\progremir_2017-1018_c++\notes_2\notes_2\debug\vc110.pdb
g:\progremir_2017-1018_c++\notes_2\debug\notes_2.pdb
g:\progremir_2017-1018_c++\notes_2\debug\notes_2.exe
g:\progremir_2017-1018_c++\notes_2\debug\notes_2.ilk
g:\progremir_2017-1018_c++\notes_2\notes_2\debug\notes_2.tlog\cl.read.1.tlog
g:\progremir_2017-1018_c++\notes_2\notes_2\debug\notes_2.tlog\cl.write.1.tlog
g:\progremir_2017-1018_c++\notes_2\notes_2\debug\notes_2.tlog\cl.command.1.tlog
